#
# A fatal error has been detected by the Java Runtime Environment:
#
#  EXCEPTION_ACCESS_VIOLATION (0xc0000005) at pc=0x00007ffb8824c2c4, pid=16468, tid=25532
#
# JRE version: Java(TM) SE Runtime Environment (22.0.2+9) (build 22.0.2+9-70)
# Java VM: Java HotSpot(TM) 64-Bit Server VM (22.0.2+9-70, mixed mode, sharing, tiered, compressed oops, compressed class ptrs, g1 gc, windows-amd64)
# Problematic frame:
# C  [cyjagent.dll+0xc2c4]
#
# No core dump will be written. Minidumps are not enabled by default on client versions of Windows
#
# If you would like to submit a bug report, please visit:
#   https://bugreport.java.com/bugreport/crash.jsp
# The crash happened outside the Java Virtual Machine in native code.
# See problematic frame for where to report the bug.
#

---------------  S U M M A R Y ------------

Command Line: -XX:+ShowCodeDetailsInExceptionMessages -agentpath:C:\Program Files\Palo Alto Networks\Traps\cyjagent.dll com.example.Main

Host: 11th Gen Intel(R) Core(TM) i5-1135G7 @ 2.40GHz, 8 cores, 15G,  Windows 11 , 64 bit Build 22621 (10.0.22621.3958)
Time: Tue Oct  1 09:16:10 2024 Hora de verano romance elapsed time: 49.849723 seconds (0d 0h 0m 49s)

---------------  T H R E A D  ---------------

Current thread (0x0000027a6858de80):  JavaThread "HttpClient-2-SelectorManager" daemon [_thread_in_native, id=25532, stack(0x000000d55f100000,0x000000d55f200000) (1024K)]

Stack: [0x000000d55f100000,0x000000d55f200000],  sp=0x000000d55f1fe3b0,  free space=1016k
Native frames: (J=compiled Java code, j=interpreted, Vv=VM code, C=native code)
C  [cyjagent.dll+0xc2c4]  (no source info available)
V  [jvm.dll+0x5a866e]  (no source info available)
V  [jvm.dll+0x59fc32]  (no source info available)
V  [jvm.dll+0x59fd2b]  (no source info available)
V  [jvm.dll+0x5c49f0]  (no source info available)
V  [jvm.dll+0x21cb2a]  (no source info available)
V  [jvm.dll+0x7ebe8c]  (no source info available)
V  [jvm.dll+0x7ecf26]  (no source info available)
V  [jvm.dll+0x7ed534]  (no source info available)
V  [jvm.dll+0x7ed1b8]  (no source info available)
V  [jvm.dll+0x26d6ab]  (no source info available)
V  [jvm.dll+0x3d9eae]  (no source info available)
C  0x0000027a1234b4f4  (no source info available)

The last pc belongs to new (printed below).
Java frames: (J=compiled Java code, j=interpreted, Vv=VM code)
j  java.util.LinkedList.spliterator()Ljava/util/Spliterator;+0 java.base@22.0.2
J 1780 c1 java.util.Collection.stream()Ljava/util/stream/Stream; java.base@22.0.2 (11 bytes) @ 0x0000027a0b1431c4 [0x0000027a0b1430c0+0x0000000000000104]
j  jdk.internal.net.http.ConnectionPool$ExpiryList.stream()Ljava/util/stream/Stream;+4 java.net.http@22.0.2
j  jdk.internal.net.http.ConnectionPool.stop()V+20 java.net.http@22.0.2
j  jdk.internal.net.http.HttpClientImpl.stop()V+4 java.net.http@22.0.2
j  jdk.internal.net.http.HttpClientImpl$SelectorManager.shutdown()V+82 java.net.http@22.0.2
j  jdk.internal.net.http.HttpClientImpl$SelectorManager.run()V+1036 java.net.http@22.0.2
v  ~StubRoutines::call_stub 0x0000027a1233100d

siginfo: EXCEPTION_ACCESS_VIOLATION (0xc0000005), reading address 0x0000000000000000


Registers:
RAX=0x0000000000000000, RBX=0x0000027a6858e240, RCX=0x0000000000000000, RDX=0x0000027a00ae3740
RSP=0x000000d55f1fe3b0, RBP=0x0000027a0adef8d0, RSI=0x0000000000000000, RDI=0x0000027a22760db8
R8 =0x000000d55f1fe1f8, R9 =0x0000000000000000, R10=0x0000000000000000, R11=0x0000000000000246
R12=0x0000027a22760db8, R13=0x0000027a22760080, R14=0x0000027a6858de80, R15=0x0000000000000000
RIP=0x00007ffb8824c2c4, EFLAGS=0x0000000000010202


Register to memory mapping:

RAX=0x0 is null
RBX=0x0000027a6858e240 points into unknown readable memory: 0x00007ffb3cfaeac0 | c0 ea fa 3c fb 7f 00 00
RCX=0x0 is null
RDX=0x0000027a00ae3740 points into unknown readable memory: 0x0000027a6858de80 | 80 de 58 68 7a 02 00 00
RSP=0x000000d55f1fe3b0 is pointing into the stack for thread: 0x0000027a6858de80
RBP=0x0000027a0adef8d0 points into unknown readable memory: 0x0000027a0ad52cc0 | c0 2c d5 0a 7a 02 00 00
RSI=0x0 is null
RDI=0x0000027a22760db8 points into unknown readable memory: 0x6974752f6176616a | 6a 61 76 61 2f 75 74 69
R8 =0x000000d55f1fe1f8 is pointing into the stack for thread: 0x0000027a6858de80
R9 =0x0 is null
R10=0x0 is null
R11=0x0000000000000246 is an unknown value
R12=0x0000027a22760db8 points into unknown readable memory: 0x6974752f6176616a | 6a 61 76 61 2f 75 74 69
R13=0x0000027a22760080 points into unknown readable memory: 0x0000000000000000 | 00 00 00 00 00 00 00 00
R14=0x0000027a6858de80 is a thread
R15=0x0 is null

Top of Stack: (sp=0x000000d55f1fe3b0)
0x000000d55f1fe3b0:   0000027a22760db8 0000027a6858e240
0x000000d55f1fe3c0:   0000000000000000 0000027a235153a8
0x000000d55f1fe3d0:   0000000000000000 0000000000000000
0x000000d55f1fe3e0:   0000027a22cd0900 0000027a0adef8d0
0x000000d55f1fe3f0:   0000000000000022 000000d55f1fe5d0
0x000000d55f1fe400:   0000027a00aea650 0000000000000000
0x000000d55f1fe410:   000000d55f1fe608 00007ffb3c97866e
0x000000d55f1fe420:   0000027a00aea650 0000000000000000
0x000000d55f1fe430:   000000d55f1fe5d0 0000000000000000
0x000000d55f1fe440:   0000027a22760db8 0000000000000000
0x000000d55f1fe450:   0000aede00000cf8 0000027a22760090
0x000000d55f1fe460:   000000d55f1fe558 000000d55f1fe478
0x000000d55f1fe470:   0000000000000000 0000000000000000
0x000000d55f1fe480:   0000000000000000 0000027a00a04800
0x000000d55f1fe490:   0000027a685d23a0 0000027a22760080
0x000000d55f1fe4a0:   0000027a22760de0 0000027a22768068
0x000000d55f1fe4b0:   00000000000083b0 0000027a6858de80
0x000000d55f1fe4c0:   0000027a6858de80 0000027a685d3b60
0x000000d55f1fe4d0:   0000027a6842ed00 0000027a6842ed18
0x000000d55f1fe4e0:   0000027a6842ede8 00000000000000d8
0x000000d55f1fe4f0:   000000d55f1fe6e8 0000027a687a1d60
0x000000d55f1fe500:   0000000000000070 0000027a22760080
0x000000d55f1fe510:   0000000000000003 0000027a00aea650
0x000000d55f1fe520:   000000d55f1fe5d0 0000027a685d23a0
0x000000d55f1fe530:   0000000000000020 00007ffb3c96fc32
0x000000d55f1fe540:   0000027a685f2c01 0000000000000000
0x000000d55f1fe550:   0000027a22a64201 